#! /usr/local/Cellar/icarus-verilog/10.1.1/bin/vvp
:ivl_version "10.1 (stable)" "(v10_1_1)";
:ivl_delay_selection "TYPICAL";
:vpi_time_precision + 0;
:vpi_module "system";
:vpi_module "vhdl_sys";
:vpi_module "v2005_math";
:vpi_module "va_math";
S_0x7fee8a505af0 .scope module, "ALU" "ALU" 2 1;
 .timescale 0 0;
    .port_info 0 /INPUT 32 "A"
    .port_info 1 /INPUT 32 "B"
    .port_info 2 /INPUT 6 "ALUFun"
    .port_info 3 /INPUT 1 "Sign"
    .port_info 4 /OUTPUT 32 "Z"
o0x109268008 .functor BUFZ 32, C4<zzzzzzzzzzzzzzzzzzzzzzzzzzzzzzzz>; HiZ drive
v0x7fee8a518aa0_0 .net "A", 31 0, o0x109268008;  0 drivers
o0x1092686c8 .functor BUFZ 6, C4<zzzzzz>; HiZ drive
v0x7fee8a518b50_0 .net "ALUFun", 5 0, o0x1092686c8;  0 drivers
o0x109268068 .functor BUFZ 32, C4<zzzzzzzzzzzzzzzzzzzzzzzzzzzzzzzz>; HiZ drive
v0x7fee8a518bf0_0 .net "B", 31 0, o0x109268068;  0 drivers
o0x109268098 .functor BUFZ 1, C4<z>; HiZ drive
v0x7fee8a518ca0_0 .net "N", 0 0, o0x109268098;  0 drivers
v0x7fee8a518d70_0 .net "R1", 31 0, v0x7fee8a517560_0;  1 drivers
v0x7fee8a518e40_0 .net "R2", 31 0, v0x7fee8a517d60_0;  1 drivers
v0x7fee8a518ed0_0 .net "R3", 31 0, v0x7fee8a518430_0;  1 drivers
v0x7fee8a518f80_0 .net "R4", 31 0, v0x7fee8a5189c0_0;  1 drivers
o0x1092680f8 .functor BUFZ 1, C4<z>; HiZ drive
v0x7fee8a519030_0 .net "Sign", 0 0, o0x1092680f8;  0 drivers
o0x109268128 .functor BUFZ 1, C4<z>; HiZ drive
v0x7fee8a519160_0 .net "V", 0 0, o0x109268128;  0 drivers
v0x7fee8a5191f0_0 .var "Z", 31 0;
v0x7fee8a519280_0 .net "Zero", 0 0, L_0x7fee8a5193b0;  1 drivers
E_0x7fee8a504ea0/0 .event edge, v0x7fee8a518b50_0, v0x7fee8a517560_0, v0x7fee8a517d60_0, v0x7fee8a518430_0;
E_0x7fee8a504ea0/1 .event edge, v0x7fee8a5189c0_0;
E_0x7fee8a504ea0 .event/or E_0x7fee8a504ea0/0, E_0x7fee8a504ea0/1;
L_0x7fee8a5194d0 .part o0x1092686c8, 0, 1;
L_0x7fee8a519590 .part o0x1092686c8, 1, 3;
L_0x7fee8a519690 .part o0x1092686c8, 0, 4;
L_0x7fee8a519750 .part o0x1092686c8, 0, 2;
S_0x7fee8a507180 .scope module, "S1" "ADD_SUB" 2 10, 2 23 0, S_0x7fee8a505af0;
 .timescale 0 0;
    .port_info 0 /INPUT 1 "S"
    .port_info 1 /INPUT 32 "A"
    .port_info 2 /INPUT 32 "B"
    .port_info 3 /INPUT 1 "ALUFun"
    .port_info 4 /OUTPUT 1 "Zero"
    .port_info 5 /OUTPUT 1 "V"
    .port_info 6 /OUTPUT 1 "N"
    .port_info 7 /OUTPUT 32 "R"
v0x7fee8a507310_0 .net "A", 31 0, o0x109268008;  alias, 0 drivers
v0x7fee8a517360_0 .net "ALUFun", 0 0, L_0x7fee8a5194d0;  1 drivers
v0x7fee8a517400_0 .net "B", 31 0, o0x109268068;  alias, 0 drivers
v0x7fee8a5174c0_0 .net "N", 0 0, o0x109268098;  alias, 0 drivers
v0x7fee8a517560_0 .var "R", 31 0;
v0x7fee8a517650_0 .net "S", 0 0, o0x1092680f8;  alias, 0 drivers
v0x7fee8a5176f0_0 .net "V", 0 0, o0x109268128;  alias, 0 drivers
v0x7fee8a517790_0 .net "Zero", 0 0, L_0x7fee8a5193b0;  alias, 1 drivers
L_0x10929a008 .functor BUFT 1, C4<00000000000000000000000000000000>, C4<0>, C4<0>, C4<0>;
v0x7fee8a517830_0 .net/2u *"_s0", 31 0, L_0x10929a008;  1 drivers
E_0x7fee8a5072e0 .event edge, v0x7fee8a517360_0, v0x7fee8a507310_0, v0x7fee8a517400_0;
L_0x7fee8a5193b0 .cmp/eq 32, v0x7fee8a517560_0, L_0x10929a008;
S_0x7fee8a5179c0 .scope module, "S2" "CMP" 2 11, 2 39 0, S_0x7fee8a505af0;
 .timescale 0 0;
    .port_info 0 /INPUT 1 "Zero"
    .port_info 1 /INPUT 1 "V"
    .port_info 2 /INPUT 1 "N"
    .port_info 3 /INPUT 3 "ALUFun"
    .port_info 4 /OUTPUT 32 "R"
v0x7fee8a517c00_0 .net "ALUFun", 2 0, L_0x7fee8a519590;  1 drivers
v0x7fee8a517ca0_0 .net "N", 0 0, o0x109268098;  alias, 0 drivers
v0x7fee8a517d60_0 .var "R", 31 0;
v0x7fee8a517e10_0 .net "V", 0 0, o0x109268128;  alias, 0 drivers
v0x7fee8a517ec0_0 .net "Zero", 0 0, L_0x7fee8a5193b0;  alias, 1 drivers
S_0x7fee8a517fe0 .scope module, "S3" "Logic" 2 12, 2 47 0, S_0x7fee8a505af0;
 .timescale 0 0;
    .port_info 0 /INPUT 32 "A"
    .port_info 1 /INPUT 32 "B"
    .port_info 2 /INPUT 4 "ALUFun"
    .port_info 3 /OUTPUT 32 "R"
v0x7fee8a518210_0 .net "A", 31 0, o0x109268008;  alias, 0 drivers
v0x7fee8a5182c0_0 .net "ALUFun", 3 0, L_0x7fee8a519690;  1 drivers
v0x7fee8a518360_0 .net "B", 31 0, o0x109268068;  alias, 0 drivers
v0x7fee8a518430_0 .var "R", 31 0;
S_0x7fee8a518530 .scope module, "S4" "Shift" 2 13, 2 53 0, S_0x7fee8a505af0;
 .timescale 0 0;
    .port_info 0 /INPUT 32 "A"
    .port_info 1 /INPUT 32 "B"
    .port_info 2 /INPUT 2 "ALUFun"
    .port_info 3 /OUTPUT 32 "R"
v0x7fee8a518740_0 .net "A", 31 0, o0x109268008;  alias, 0 drivers
v0x7fee8a518830_0 .net "ALUFun", 1 0, L_0x7fee8a519750;  1 drivers
v0x7fee8a5188d0_0 .net "B", 31 0, o0x109268068;  alias, 0 drivers
v0x7fee8a5189c0_0 .var "R", 31 0;
    .scope S_0x7fee8a507180;
T_0 ;
    %wait E_0x7fee8a5072e0;
    %load/vec4 v0x7fee8a517360_0;
    %dup/vec4;
    %pushi/vec4 0, 0, 1;
    %cmp/u;
    %jmp/1 T_0.0, 6;
    %dup/vec4;
    %pushi/vec4 1, 0, 1;
    %cmp/u;
    %jmp/1 T_0.1, 6;
    %jmp T_0.2;
T_0.0 ;
    %load/vec4 v0x7fee8a507310_0;
    %load/vec4 v0x7fee8a517400_0;
    %add;
    %assign/vec4 v0x7fee8a517560_0, 0;
    %jmp T_0.2;
T_0.1 ;
    %load/vec4 v0x7fee8a507310_0;
    %load/vec4 v0x7fee8a517400_0;
    %inv;
    %add;
    %addi 1, 0, 32;
    %assign/vec4 v0x7fee8a517560_0, 0;
    %jmp T_0.2;
T_0.2 ;
    %pop/vec4 1;
    %jmp T_0;
    .thread T_0, $push;
    .scope S_0x7fee8a505af0;
T_1 ;
    %wait E_0x7fee8a504ea0;
    %load/vec4 v0x7fee8a518b50_0;
    %parti/s 2, 4, 4;
    %dup/vec4;
    %pushi/vec4 0, 0, 2;
    %cmp/u;
    %jmp/1 T_1.0, 6;
    %dup/vec4;
    %pushi/vec4 3, 0, 2;
    %cmp/u;
    %jmp/1 T_1.1, 6;
    %dup/vec4;
    %pushi/vec4 1, 0, 2;
    %cmp/u;
    %jmp/1 T_1.2, 6;
    %dup/vec4;
    %pushi/vec4 2, 0, 2;
    %cmp/u;
    %jmp/1 T_1.3, 6;
    %jmp T_1.4;
T_1.0 ;
    %load/vec4 v0x7fee8a518d70_0;
    %assign/vec4 v0x7fee8a5191f0_0, 0;
    %jmp T_1.4;
T_1.1 ;
    %load/vec4 v0x7fee8a518e40_0;
    %assign/vec4 v0x7fee8a5191f0_0, 0;
    %jmp T_1.4;
T_1.2 ;
    %load/vec4 v0x7fee8a518ed0_0;
    %assign/vec4 v0x7fee8a5191f0_0, 0;
    %jmp T_1.4;
T_1.3 ;
    %load/vec4 v0x7fee8a518f80_0;
    %assign/vec4 v0x7fee8a5191f0_0, 0;
    %jmp T_1.4;
T_1.4 ;
    %pop/vec4 1;
    %jmp T_1;
    .thread T_1, $push;
# The file index is used to find the file name in the following table.
:file_names 3;
    "N/A";
    "<interactive>";
    "ALU.v";
